{"uid":"1f869e3dae56c65b","name":"Move an existing item into an already created folder","fullName":"tests.folder.test_folder_job#test_should_move_item_to_the_folder","historyId":"2972c0aeb7cdb043d6fd6a2927180c1e","time":{"start":1747855794490,"stop":1747855796085,"duration":1595},"status":"broken","statusMessage":"selenium.common.exceptions.StaleElementReferenceException: Message: stale element reference: stale element not found\n  (Session info: chrome=136.0.7103.92); For documentation on this error, please visit: https://www.selenium.dev/documentation/webdriver/troubleshooting/errors#stale-element-reference-exception\nStacktrace:\n#0 0x5653f750678a <unknown>\n#1 0x5653f6fa90a0 <unknown>\n#2 0x5653f6fbc6eb <unknown>\n#3 0x5653f6fbb4a2 <unknown>\n#4 0x5653f6fb05f9 <unknown>\n#5 0x5653f6fb0725 <unknown>\n#6 0x5653f6fae84f <unknown>\n#7 0x5653f6fb2857 <unknown>\n#8 0x5653f70472de <unknown>\n#9 0x5653f70203a2 <unknown>\n#10 0x5653f70462a0 <unknown>\n#11 0x5653f7020173 <unknown>\n#12 0x5653f6fecd4b <unknown>\n#13 0x5653f6fed9b1 <unknown>\n#14 0x5653f74cb93b <unknown>\n#15 0x5653f74cf83a <unknown>\n#16 0x5653f74b3692 <unknown>\n#17 0x5653f74d03c4 <unknown>\n#18 0x5653f74984cf <unknown>\n#19 0x5653f74f4568 <unknown>\n#20 0x5653f74f4746 <unknown>\n#21 0x5653f75055f6 <unknown>\n#22 0x7f3ad889caa4 <unknown>\n#23 0x7f3ad8929c3c <unknown>","statusTrace":"tests/folder/test_folder_job.py:34: in test_should_move_item_to_the_folder\n    pipeline_page.move_item_to_folder()\npages/pipeline_page.py:54: in move_item_to_folder\n    self.header.go_to_the_main_page()\npages/components/components.py:15: in go_to_the_main_page\n    return self.navigate_to(MainPage, self.Locators.HEADER_LOGO)\npages/ui_element.py:82: in navigate_to\n    self.wait_to_be_clickable(locator).click()\npages/ui_element.py:38: in wait_to_be_clickable\n    return self._wait_for(timeout, EC.element_to_be_clickable, locator)\npages/ui_element.py:29: in _wait_for\n    return WebDriverWait(self.driver, timeout).until(condition(*args))\n/opt/hostedtoolcache/Python/3.12.10/x64/lib/python3.12/site-packages/selenium/webdriver/support/wait.py:137: in until\n    value = method(self._driver)\n/opt/hostedtoolcache/Python/3.12.10/x64/lib/python3.12/site-packages/selenium/webdriver/support/expected_conditions.py:634: in _predicate\n    element = visibility_of(target)(driver)\n/opt/hostedtoolcache/Python/3.12.10/x64/lib/python3.12/site-packages/selenium/webdriver/support/expected_conditions.py:260: in _predicate\n    return _element_if_visible(element)\n/opt/hostedtoolcache/Python/3.12.10/x64/lib/python3.12/site-packages/selenium/webdriver/support/expected_conditions.py:280: in _element_if_visible\n    return element if element.is_displayed() == visibility else False\n/opt/hostedtoolcache/Python/3.12.10/x64/lib/python3.12/site-packages/selenium/webdriver/remote/webelement.py:340: in is_displayed\n    return self.parent.execute_script(f\"/* isDisplayed */return ({isDisplayed_js}).apply(null, arguments);\", self)\n/opt/hostedtoolcache/Python/3.12.10/x64/lib/python3.12/site-packages/selenium/webdriver/remote/webdriver.py:528: in execute_script\n    return self.execute(command, {\"script\": script, \"args\": converted_args})[\"value\"]\n/opt/hostedtoolcache/Python/3.12.10/x64/lib/python3.12/site-packages/selenium/webdriver/remote/webdriver.py:429: in execute\n    self.error_handler.check_response(response)\n/opt/hostedtoolcache/Python/3.12.10/x64/lib/python3.12/site-packages/selenium/webdriver/remote/errorhandler.py:232: in check_response\n    raise exception_class(message, screen, stacktrace)\nE   selenium.common.exceptions.StaleElementReferenceException: Message: stale element reference: stale element not found\nE     (Session info: chrome=136.0.7103.92); For documentation on this error, please visit: https://www.selenium.dev/documentation/webdriver/troubleshooting/errors#stale-element-reference-exception\nE   Stacktrace:\nE   #0 0x5653f750678a <unknown>\nE   #1 0x5653f6fa90a0 <unknown>\nE   #2 0x5653f6fbc6eb <unknown>\nE   #3 0x5653f6fbb4a2 <unknown>\nE   #4 0x5653f6fb05f9 <unknown>\nE   #5 0x5653f6fb0725 <unknown>\nE   #6 0x5653f6fae84f <unknown>\nE   #7 0x5653f6fb2857 <unknown>\nE   #8 0x5653f70472de <unknown>\nE   #9 0x5653f70203a2 <unknown>\nE   #10 0x5653f70462a0 <unknown>\nE   #11 0x5653f7020173 <unknown>\nE   #12 0x5653f6fecd4b <unknown>\nE   #13 0x5653f6fed9b1 <unknown>\nE   #14 0x5653f74cb93b <unknown>\nE   #15 0x5653f74cf83a <unknown>\nE   #16 0x5653f74b3692 <unknown>\nE   #17 0x5653f74d03c4 <unknown>\nE   #18 0x5653f74984cf <unknown>\nE   #19 0x5653f74f4568 <unknown>\nE   #20 0x5653f74f4746 <unknown>\nE   #21 0x5653f75055f6 <unknown>\nE   #22 0x7f3ad889caa4 <unknown>\nE   #23 0x7f3ad8929c3c <unknown>","flaky":false,"newFailed":false,"newBroken":false,"newPassed":false,"retriesCount":0,"retriesStatusChange":false,"beforeStages":[{"name":"_session_faker","time":{"start":1747855770415,"stop":1747855770482,"duration":67},"status":"passed","steps":[],"attachments":[],"parameters":[],"shouldDisplayMessage":false,"stepsCount":0,"attachmentsCount":0,"hasContent":false,"attachmentStep":false},{"name":"config","time":{"start":1747855770482,"stop":1747855772300,"duration":1818},"status":"passed","steps":[],"attachments":[],"parameters":[],"shouldDisplayMessage":false,"stepsCount":0,"attachmentsCount":0,"hasContent":false,"attachmentStep":false},{"name":"jenkins_reset","time":{"start":1747855791714,"stop":1747855792001,"duration":287},"status":"passed","steps":[],"attachments":[],"parameters":[],"shouldDisplayMessage":false,"stepsCount":0,"attachmentsCount":0,"hasContent":false,"attachmentStep":false},{"name":"driver","time":{"start":1747855792002,"stop":1747855792360,"duration":358},"status":"passed","steps":[],"attachments":[],"parameters":[],"shouldDisplayMessage":false,"stepsCount":0,"attachmentsCount":0,"hasContent":false,"attachmentStep":false},{"name":"login_page","time":{"start":1747855792360,"stop":1747855792591,"duration":231},"status":"passed","steps":[],"attachments":[],"parameters":[],"shouldDisplayMessage":false,"stepsCount":0,"attachmentsCount":0,"hasContent":false,"attachmentStep":false},{"name":"main_page","time":{"start":1747855792591,"stop":1747855793454,"duration":863},"status":"passed","steps":[{"name":"Login with credentials","time":{"start":1747855792592,"stop":1747855793454,"duration":862},"status":"passed","steps":[],"attachments":[],"parameters":[{"name":"login","value":"'admin'"},{"name":"password","value":"'e322e7761c10457ebc1f72a3431a133a'"}],"shouldDisplayMessage":false,"stepsCount":0,"attachmentsCount":0,"hasContent":true,"attachmentStep":false}],"attachments":[],"parameters":[],"shouldDisplayMessage":false,"stepsCount":1,"attachmentsCount":0,"hasContent":true,"attachmentStep":false},{"name":"new_item_page","time":{"start":1747855793454,"stop":1747855793624,"duration":170},"status":"passed","steps":[{"name":"Navigate to \"NewItemPage\"","time":{"start":1747855793454,"stop":1747855793624,"duration":170},"status":"passed","steps":[],"attachments":[],"parameters":[],"shouldDisplayMessage":false,"stepsCount":0,"attachmentsCount":0,"hasContent":false,"attachmentStep":false}],"attachments":[],"parameters":[],"shouldDisplayMessage":false,"stepsCount":1,"attachmentsCount":0,"hasContent":true,"attachmentStep":false},{"name":"Preconditions: Creating a empty folder","time":{"start":1747855793624,"stop":1747855794489,"duration":865},"status":"passed","steps":[{"name":"Create new folder: \"'Test_Folder'\"","time":{"start":1747855793624,"stop":1747855794343,"duration":719},"status":"passed","steps":[],"attachments":[],"parameters":[{"name":"name","value":"'Test_Folder'"}],"shouldDisplayMessage":false,"stepsCount":0,"attachmentsCount":0,"hasContent":true,"attachmentStep":false},{"name":"Go to the main page by clicking logo","time":{"start":1747855794343,"stop":1747855794489,"duration":146},"status":"passed","steps":[{"name":"Navigate to \"MainPage\"","time":{"start":1747855794343,"stop":1747855794489,"duration":146},"status":"passed","steps":[],"attachments":[],"parameters":[],"shouldDisplayMessage":false,"stepsCount":0,"attachmentsCount":0,"hasContent":false,"attachmentStep":false}],"attachments":[],"parameters":[],"shouldDisplayMessage":false,"stepsCount":1,"attachmentsCount":0,"hasContent":true,"attachmentStep":false}],"attachments":[],"parameters":[],"shouldDisplayMessage":false,"stepsCount":3,"attachmentsCount":0,"hasContent":true,"attachmentStep":false}],"testStage":{"status":"broken","statusMessage":"selenium.common.exceptions.StaleElementReferenceException: Message: stale element reference: stale element not found\n  (Session info: chrome=136.0.7103.92); For documentation on this error, please visit: https://www.selenium.dev/documentation/webdriver/troubleshooting/errors#stale-element-reference-exception\nStacktrace:\n#0 0x5653f750678a <unknown>\n#1 0x5653f6fa90a0 <unknown>\n#2 0x5653f6fbc6eb <unknown>\n#3 0x5653f6fbb4a2 <unknown>\n#4 0x5653f6fb05f9 <unknown>\n#5 0x5653f6fb0725 <unknown>\n#6 0x5653f6fae84f <unknown>\n#7 0x5653f6fb2857 <unknown>\n#8 0x5653f70472de <unknown>\n#9 0x5653f70203a2 <unknown>\n#10 0x5653f70462a0 <unknown>\n#11 0x5653f7020173 <unknown>\n#12 0x5653f6fecd4b <unknown>\n#13 0x5653f6fed9b1 <unknown>\n#14 0x5653f74cb93b <unknown>\n#15 0x5653f74cf83a <unknown>\n#16 0x5653f74b3692 <unknown>\n#17 0x5653f74d03c4 <unknown>\n#18 0x5653f74984cf <unknown>\n#19 0x5653f74f4568 <unknown>\n#20 0x5653f74f4746 <unknown>\n#21 0x5653f75055f6 <unknown>\n#22 0x7f3ad889caa4 <unknown>\n#23 0x7f3ad8929c3c <unknown>","statusTrace":"tests/folder/test_folder_job.py:34: in test_should_move_item_to_the_folder\n    pipeline_page.move_item_to_folder()\npages/pipeline_page.py:54: in move_item_to_folder\n    self.header.go_to_the_main_page()\npages/components/components.py:15: in go_to_the_main_page\n    return self.navigate_to(MainPage, self.Locators.HEADER_LOGO)\npages/ui_element.py:82: in navigate_to\n    self.wait_to_be_clickable(locator).click()\npages/ui_element.py:38: in wait_to_be_clickable\n    return self._wait_for(timeout, EC.element_to_be_clickable, locator)\npages/ui_element.py:29: in _wait_for\n    return WebDriverWait(self.driver, timeout).until(condition(*args))\n/opt/hostedtoolcache/Python/3.12.10/x64/lib/python3.12/site-packages/selenium/webdriver/support/wait.py:137: in until\n    value = method(self._driver)\n/opt/hostedtoolcache/Python/3.12.10/x64/lib/python3.12/site-packages/selenium/webdriver/support/expected_conditions.py:634: in _predicate\n    element = visibility_of(target)(driver)\n/opt/hostedtoolcache/Python/3.12.10/x64/lib/python3.12/site-packages/selenium/webdriver/support/expected_conditions.py:260: in _predicate\n    return _element_if_visible(element)\n/opt/hostedtoolcache/Python/3.12.10/x64/lib/python3.12/site-packages/selenium/webdriver/support/expected_conditions.py:280: in _element_if_visible\n    return element if element.is_displayed() == visibility else False\n/opt/hostedtoolcache/Python/3.12.10/x64/lib/python3.12/site-packages/selenium/webdriver/remote/webelement.py:340: in is_displayed\n    return self.parent.execute_script(f\"/* isDisplayed */return ({isDisplayed_js}).apply(null, arguments);\", self)\n/opt/hostedtoolcache/Python/3.12.10/x64/lib/python3.12/site-packages/selenium/webdriver/remote/webdriver.py:528: in execute_script\n    return self.execute(command, {\"script\": script, \"args\": converted_args})[\"value\"]\n/opt/hostedtoolcache/Python/3.12.10/x64/lib/python3.12/site-packages/selenium/webdriver/remote/webdriver.py:429: in execute\n    self.error_handler.check_response(response)\n/opt/hostedtoolcache/Python/3.12.10/x64/lib/python3.12/site-packages/selenium/webdriver/remote/errorhandler.py:232: in check_response\n    raise exception_class(message, screen, stacktrace)\nE   selenium.common.exceptions.StaleElementReferenceException: Message: stale element reference: stale element not found\nE     (Session info: chrome=136.0.7103.92); For documentation on this error, please visit: https://www.selenium.dev/documentation/webdriver/troubleshooting/errors#stale-element-reference-exception\nE   Stacktrace:\nE   #0 0x5653f750678a <unknown>\nE   #1 0x5653f6fa90a0 <unknown>\nE   #2 0x5653f6fbc6eb <unknown>\nE   #3 0x5653f6fbb4a2 <unknown>\nE   #4 0x5653f6fb05f9 <unknown>\nE   #5 0x5653f6fb0725 <unknown>\nE   #6 0x5653f6fae84f <unknown>\nE   #7 0x5653f6fb2857 <unknown>\nE   #8 0x5653f70472de <unknown>\nE   #9 0x5653f70203a2 <unknown>\nE   #10 0x5653f70462a0 <unknown>\nE   #11 0x5653f7020173 <unknown>\nE   #12 0x5653f6fecd4b <unknown>\nE   #13 0x5653f6fed9b1 <unknown>\nE   #14 0x5653f74cb93b <unknown>\nE   #15 0x5653f74cf83a <unknown>\nE   #16 0x5653f74b3692 <unknown>\nE   #17 0x5653f74d03c4 <unknown>\nE   #18 0x5653f74984cf <unknown>\nE   #19 0x5653f74f4568 <unknown>\nE   #20 0x5653f74f4746 <unknown>\nE   #21 0x5653f75055f6 <unknown>\nE   #22 0x7f3ad889caa4 <unknown>\nE   #23 0x7f3ad8929c3c <unknown>","steps":[{"name":"Navigate to \"NewItemPage\"","time":{"start":1747855794490,"stop":1747855794630,"duration":140},"status":"passed","steps":[],"attachments":[],"parameters":[],"shouldDisplayMessage":false,"stepsCount":0,"attachmentsCount":0,"hasContent":false,"attachmentStep":false},{"name":"Go to the pipeline page: \"'Pipeline_one'\"","time":{"start":1747855795035,"stop":1747855795592,"duration":557},"status":"passed","steps":[{"name":"Navigate to \"PipelinePage\"","time":{"start":1747855795042,"stop":1747855795592,"duration":550},"status":"passed","steps":[],"attachments":[],"parameters":[],"shouldDisplayMessage":false,"stepsCount":0,"attachmentsCount":0,"hasContent":false,"attachmentStep":false}],"attachments":[],"parameters":[{"name":"name","value":"'Pipeline_one'"}],"shouldDisplayMessage":false,"stepsCount":1,"attachmentsCount":0,"hasContent":true,"attachmentStep":false},{"name":"Go to the main page by clicking logo","time":{"start":1747855795969,"stop":1747855796083,"duration":114},"status":"broken","statusMessage":"selenium.common.exceptions.StaleElementReferenceException: Message: stale element reference: stale element not found\n  (Session info: chrome=136.0.7103.92); For documentation on this error, please visit: https://www.selenium.dev/documentation/webdriver/troubleshooting/errors#stale-element-reference-exception\nStacktrace:\n#0 0x5653f750678a <unknown>\n#1 0x5653f6fa90a0 <unknown>\n#2 0x5653f6fbc6eb <unknown>\n#3 0x5653f6fbb4a2 <unknown>\n#4 0x5653f6fb05f9 <unknown>\n#5 0x5653f6fb0725 <unknown>\n#6 0x5653f6fae84f <unknown>\n#7 0x5653f6fb2857 <unknown>\n#8 0x5653f70472de <unknown>\n#9 0x5653f70203a2 <unknown>\n#10 0x5653f70462a0 <unknown>\n#11 0x5653f7020173 <unknown>\n#12 0x5653f6fecd4b <unknown>\n#13 0x5653f6fed9b1 <unknown>\n#14 0x5653f74cb93b <unknown>\n#15 0x5653f74cf83a <unknown>\n#16 0x5653f74b3692 <unknown>\n#17 0x5653f74d03c4 <unknown>\n#18 0x5653f74984cf <unknown>\n#19 0x5653f74f4568 <unknown>\n#20 0x5653f74f4746 <unknown>\n#21 0x5653f75055f6 <unknown>\n#22 0x7f3ad889caa4 <unknown>\n#23 0x7f3ad8929c3c <unknown>\n\n","statusTrace":"  File \"/opt/hostedtoolcache/Python/3.12.10/x64/lib/python3.12/site-packages/allure_commons/_allure.py\", line 202, in impl\n    return func(*a, **kw)\n           ^^^^^^^^^^^^^^\n  File \"/home/runner/work/JenkinsQA_Python_2025_spring/JenkinsQA_Python_2025_spring/pages/components/components.py\", line 15, in go_to_the_main_page\n    return self.navigate_to(MainPage, self.Locators.HEADER_LOGO)\n           ^^^^^^^^^^^^^^^^^^^^^^^^^^^^^^^^^^^^^^^^^^^^^^^^^^^^^\n  File \"/home/runner/work/JenkinsQA_Python_2025_spring/JenkinsQA_Python_2025_spring/pages/ui_element.py\", line 82, in navigate_to\n    self.wait_to_be_clickable(locator).click()\n    ^^^^^^^^^^^^^^^^^^^^^^^^^^^^^^^^^^\n  File \"/home/runner/work/JenkinsQA_Python_2025_spring/JenkinsQA_Python_2025_spring/pages/ui_element.py\", line 38, in wait_to_be_clickable\n    return self._wait_for(timeout, EC.element_to_be_clickable, locator)\n           ^^^^^^^^^^^^^^^^^^^^^^^^^^^^^^^^^^^^^^^^^^^^^^^^^^^^^^^^^^^^\n  File \"/home/runner/work/JenkinsQA_Python_2025_spring/JenkinsQA_Python_2025_spring/pages/ui_element.py\", line 29, in _wait_for\n    return WebDriverWait(self.driver, timeout).until(condition(*args))\n           ^^^^^^^^^^^^^^^^^^^^^^^^^^^^^^^^^^^^^^^^^^^^^^^^^^^^^^^^^^^\n  File \"/opt/hostedtoolcache/Python/3.12.10/x64/lib/python3.12/site-packages/selenium/webdriver/support/wait.py\", line 137, in until\n    value = method(self._driver)\n            ^^^^^^^^^^^^^^^^^^^^\n  File \"/opt/hostedtoolcache/Python/3.12.10/x64/lib/python3.12/site-packages/selenium/webdriver/support/expected_conditions.py\", line 634, in _predicate\n    element = visibility_of(target)(driver)\n              ^^^^^^^^^^^^^^^^^^^^^^^^^^^^^\n  File \"/opt/hostedtoolcache/Python/3.12.10/x64/lib/python3.12/site-packages/selenium/webdriver/support/expected_conditions.py\", line 260, in _predicate\n    return _element_if_visible(element)\n           ^^^^^^^^^^^^^^^^^^^^^^^^^^^^\n  File \"/opt/hostedtoolcache/Python/3.12.10/x64/lib/python3.12/site-packages/selenium/webdriver/support/expected_conditions.py\", line 280, in _element_if_visible\n    return element if element.is_displayed() == visibility else False\n                      ^^^^^^^^^^^^^^^^^^^^^^\n  File \"/opt/hostedtoolcache/Python/3.12.10/x64/lib/python3.12/site-packages/selenium/webdriver/remote/webelement.py\", line 340, in is_displayed\n    return self.parent.execute_script(f\"/* isDisplayed */return ({isDisplayed_js}).apply(null, arguments);\", self)\n           ^^^^^^^^^^^^^^^^^^^^^^^^^^^^^^^^^^^^^^^^^^^^^^^^^^^^^^^^^^^^^^^^^^^^^^^^^^^^^^^^^^^^^^^^^^^^^^^^^^^^^^^\n  File \"/opt/hostedtoolcache/Python/3.12.10/x64/lib/python3.12/site-packages/selenium/webdriver/remote/webdriver.py\", line 528, in execute_script\n    return self.execute(command, {\"script\": script, \"args\": converted_args})[\"value\"]\n           ^^^^^^^^^^^^^^^^^^^^^^^^^^^^^^^^^^^^^^^^^^^^^^^^^^^^^^^^^^^^^^^^^\n  File \"/opt/hostedtoolcache/Python/3.12.10/x64/lib/python3.12/site-packages/selenium/webdriver/remote/webdriver.py\", line 429, in execute\n    self.error_handler.check_response(response)\n  File \"/opt/hostedtoolcache/Python/3.12.10/x64/lib/python3.12/site-packages/selenium/webdriver/remote/errorhandler.py\", line 232, in check_response\n    raise exception_class(message, screen, stacktrace)\n","steps":[{"name":"Navigate to \"MainPage\"","time":{"start":1747855795970,"stop":1747855796082,"duration":112},"status":"broken","statusMessage":"selenium.common.exceptions.StaleElementReferenceException: Message: stale element reference: stale element not found\n  (Session info: chrome=136.0.7103.92); For documentation on this error, please visit: https://www.selenium.dev/documentation/webdriver/troubleshooting/errors#stale-element-reference-exception\nStacktrace:\n#0 0x5653f750678a <unknown>\n#1 0x5653f6fa90a0 <unknown>\n#2 0x5653f6fbc6eb <unknown>\n#3 0x5653f6fbb4a2 <unknown>\n#4 0x5653f6fb05f9 <unknown>\n#5 0x5653f6fb0725 <unknown>\n#6 0x5653f6fae84f <unknown>\n#7 0x5653f6fb2857 <unknown>\n#8 0x5653f70472de <unknown>\n#9 0x5653f70203a2 <unknown>\n#10 0x5653f70462a0 <unknown>\n#11 0x5653f7020173 <unknown>\n#12 0x5653f6fecd4b <unknown>\n#13 0x5653f6fed9b1 <unknown>\n#14 0x5653f74cb93b <unknown>\n#15 0x5653f74cf83a <unknown>\n#16 0x5653f74b3692 <unknown>\n#17 0x5653f74d03c4 <unknown>\n#18 0x5653f74984cf <unknown>\n#19 0x5653f74f4568 <unknown>\n#20 0x5653f74f4746 <unknown>\n#21 0x5653f75055f6 <unknown>\n#22 0x7f3ad889caa4 <unknown>\n#23 0x7f3ad8929c3c <unknown>\n\n","statusTrace":"  File \"/home/runner/work/JenkinsQA_Python_2025_spring/JenkinsQA_Python_2025_spring/pages/ui_element.py\", line 82, in navigate_to\n    self.wait_to_be_clickable(locator).click()\n    ^^^^^^^^^^^^^^^^^^^^^^^^^^^^^^^^^^\n  File \"/home/runner/work/JenkinsQA_Python_2025_spring/JenkinsQA_Python_2025_spring/pages/ui_element.py\", line 38, in wait_to_be_clickable\n    return self._wait_for(timeout, EC.element_to_be_clickable, locator)\n           ^^^^^^^^^^^^^^^^^^^^^^^^^^^^^^^^^^^^^^^^^^^^^^^^^^^^^^^^^^^^\n  File \"/home/runner/work/JenkinsQA_Python_2025_spring/JenkinsQA_Python_2025_spring/pages/ui_element.py\", line 29, in _wait_for\n    return WebDriverWait(self.driver, timeout).until(condition(*args))\n           ^^^^^^^^^^^^^^^^^^^^^^^^^^^^^^^^^^^^^^^^^^^^^^^^^^^^^^^^^^^\n  File \"/opt/hostedtoolcache/Python/3.12.10/x64/lib/python3.12/site-packages/selenium/webdriver/support/wait.py\", line 137, in until\n    value = method(self._driver)\n            ^^^^^^^^^^^^^^^^^^^^\n  File \"/opt/hostedtoolcache/Python/3.12.10/x64/lib/python3.12/site-packages/selenium/webdriver/support/expected_conditions.py\", line 634, in _predicate\n    element = visibility_of(target)(driver)\n              ^^^^^^^^^^^^^^^^^^^^^^^^^^^^^\n  File \"/opt/hostedtoolcache/Python/3.12.10/x64/lib/python3.12/site-packages/selenium/webdriver/support/expected_conditions.py\", line 260, in _predicate\n    return _element_if_visible(element)\n           ^^^^^^^^^^^^^^^^^^^^^^^^^^^^\n  File \"/opt/hostedtoolcache/Python/3.12.10/x64/lib/python3.12/site-packages/selenium/webdriver/support/expected_conditions.py\", line 280, in _element_if_visible\n    return element if element.is_displayed() == visibility else False\n                      ^^^^^^^^^^^^^^^^^^^^^^\n  File \"/opt/hostedtoolcache/Python/3.12.10/x64/lib/python3.12/site-packages/selenium/webdriver/remote/webelement.py\", line 340, in is_displayed\n    return self.parent.execute_script(f\"/* isDisplayed */return ({isDisplayed_js}).apply(null, arguments);\", self)\n           ^^^^^^^^^^^^^^^^^^^^^^^^^^^^^^^^^^^^^^^^^^^^^^^^^^^^^^^^^^^^^^^^^^^^^^^^^^^^^^^^^^^^^^^^^^^^^^^^^^^^^^^\n  File \"/opt/hostedtoolcache/Python/3.12.10/x64/lib/python3.12/site-packages/selenium/webdriver/remote/webdriver.py\", line 528, in execute_script\n    return self.execute(command, {\"script\": script, \"args\": converted_args})[\"value\"]\n           ^^^^^^^^^^^^^^^^^^^^^^^^^^^^^^^^^^^^^^^^^^^^^^^^^^^^^^^^^^^^^^^^^\n  File \"/opt/hostedtoolcache/Python/3.12.10/x64/lib/python3.12/site-packages/selenium/webdriver/remote/webdriver.py\", line 429, in execute\n    self.error_handler.check_response(response)\n  File \"/opt/hostedtoolcache/Python/3.12.10/x64/lib/python3.12/site-packages/selenium/webdriver/remote/errorhandler.py\", line 232, in check_response\n    raise exception_class(message, screen, stacktrace)\n","steps":[],"attachments":[],"parameters":[],"shouldDisplayMessage":true,"stepsCount":0,"attachmentsCount":0,"hasContent":true,"attachmentStep":false}],"attachments":[],"parameters":[],"shouldDisplayMessage":false,"stepsCount":1,"attachmentsCount":0,"hasContent":true,"attachmentStep":false}],"attachments":[{"uid":"a56a0278c3d57cee","name":"log","source":"a56a0278c3d57cee.txt","type":"text/plain","size":21731}],"parameters":[],"shouldDisplayMessage":true,"stepsCount":5,"attachmentsCount":1,"hasContent":true,"attachmentStep":false},"afterStages":[{"name":"driver::0","time":{"start":1747855796172,"stop":1747855796356,"duration":184},"status":"passed","steps":[],"attachments":[],"parameters":[],"shouldDisplayMessage":false,"stepsCount":0,"attachmentsCount":0,"hasContent":false,"attachmentStep":false}],"labels":[{"name":"epic","value":"New Item"},{"name":"story","value":"Folder"},{"name":"parentSuite","value":"tests.folder"},{"name":"suite","value":"test_folder_job"},{"name":"host","value":"fv-az1922-632"},{"name":"thread","value":"2659-MainThread"},{"name":"framework","value":"pytest"},{"name":"language","value":"cpython3"},{"name":"package","value":"tests.folder.test_folder_job"},{"name":"resultFormat","value":"allure2"}],"parameters":[],"links":[{"name":"Github issue","url":"https://github.com/RedRoverSchool/JenkinsQA_Python_2025_spring/issues/416","type":"link"},{"name":"TC_01.004.05","url":"TC_01.004.05","type":"tms"}],"hidden":false,"retry":false,"extra":{"severity":"normal","retries":[],"categories":[{"name":"Test defects","matchedStatuses":[],"flaky":false}],"history":{"statistic":{"failed":0,"broken":4,"skipped":0,"passed":0,"unknown":0,"total":4},"items":[{"uid":"1fff4a120cd7e289","reportUrl":"https://RedRoverSchool.github.io/JenkinsQA_Python_2025_spring/1064//#testresult/1fff4a120cd7e289","status":"broken","statusDetails":"selenium.common.exceptions.TimeoutException: Message: \nStacktrace:\n#0 0x5623131a978a <unknown>\n#1 0x562312c4c0a0 <unknown>\n#2 0x562312c9d9b0 <unknown>\n#3 0x562312c9dba1 <unknown>\n#4 0x562312cebea4 <unknown>\n#5 0x562312cc33cd <unknown>\n#6 0x562312ce92a0 <unknown>\n#7 0x562312cc3173 <unknown>\n#8 0x562312c8fd4b <unknown>\n#9 0x562312c909b1 <unknown>\n#10 0x56231316e93b <unknown>\n#11 0x56231317283a <unknown>\n#12 0x562313156692 <unknown>\n#13 0x5623131733c4 <unknown>\n#14 0x56231313b4cf <unknown>\n#15 0x562313197568 <unknown>\n#16 0x562313197746 <unknown>\n#17 0x5623131a85f6 <unknown>\n#18 0x7f881a89caa4 <unknown>\n#19 0x7f881a929c3c <unknown>","time":{"start":1747855439197,"stop":1747855445494,"duration":6297}},{"uid":"27a8ab2797a527c7","reportUrl":"https://RedRoverSchool.github.io/JenkinsQA_Python_2025_spring/1061//#testresult/27a8ab2797a527c7","status":"broken","statusDetails":"selenium.common.exceptions.TimeoutException: Message: \nStacktrace:\n#0 0x558301bf278a <unknown>\n#1 0x5583016950a0 <unknown>\n#2 0x5583016e69b0 <unknown>\n#3 0x5583016e6ba1 <unknown>\n#4 0x558301734ea4 <unknown>\n#5 0x55830170c3cd <unknown>\n#6 0x5583017322a0 <unknown>\n#7 0x55830170c173 <unknown>\n#8 0x5583016d8d4b <unknown>\n#9 0x5583016d99b1 <unknown>\n#10 0x558301bb793b <unknown>\n#11 0x558301bbb83a <unknown>\n#12 0x558301b9f692 <unknown>\n#13 0x558301bbc3c4 <unknown>\n#14 0x558301b844cf <unknown>\n#15 0x558301be0568 <unknown>\n#16 0x558301be0746 <unknown>\n#17 0x558301bf15f6 <unknown>\n#18 0x7f591149caa4 <unknown>\n#19 0x7f5911529c3c <unknown>","time":{"start":1747855137471,"stop":1747855143767,"duration":6296}},{"uid":"5fc2cca2748c5fd1","reportUrl":"https://RedRoverSchool.github.io/JenkinsQA_Python_2025_spring/1061//#testresult/5fc2cca2748c5fd1","status":"broken","statusDetails":"selenium.common.exceptions.TimeoutException: Message: \nStacktrace:\n#0 0x55790a05f78a <unknown>\n#1 0x557909b020a0 <unknown>\n#2 0x557909b539b0 <unknown>\n#3 0x557909b53ba1 <unknown>\n#4 0x557909ba1ea4 <unknown>\n#5 0x557909b793cd <unknown>\n#6 0x557909b9f2a0 <unknown>\n#7 0x557909b79173 <unknown>\n#8 0x557909b45d4b <unknown>\n#9 0x557909b469b1 <unknown>\n#10 0x55790a02493b <unknown>\n#11 0x55790a02883a <unknown>\n#12 0x55790a00c692 <unknown>\n#13 0x55790a0293c4 <unknown>\n#14 0x557909ff14cf <unknown>\n#15 0x55790a04d568 <unknown>\n#16 0x55790a04d746 <unknown>\n#17 0x55790a05e5f6 <unknown>\n#18 0x7efe9d09caa4 <unknown>\n#19 0x7efe9d129c3c <unknown>","time":{"start":1747854531101,"stop":1747854537333,"duration":6232}}]},"tags":[]},"source":"1f869e3dae56c65b.json","parameterValues":[]}